2015/01/15 14:25:19 [error] [exception.CHttpException.404] exception 'CHttpException' with message 'Unable to resolve the request "gii".' in C:\wamp\www\framework\web\CWebApplication.php:286
Stack trace:
#0 C:\wamp\www\framework\web\CWebApplication.php(141): CWebApplication->runController('gii')
#1 C:\wamp\www\framework\base\CApplication.php(184): CWebApplication->processRequest()
#2 C:\wamp\www\yii\index.php(13): CApplication->run()
#3 {main}
REQUEST_URI=/yii/index.php?r=gii
---
2015/01/15 14:33:38 [error] [exception.CHttpException.404] exception 'CHttpException' with message 'Unable to resolve the request "gii".' in C:\wamp\www\framework\web\CWebApplication.php:286
Stack trace:
#0 C:\wamp\www\framework\web\CWebApplication.php(141): CWebApplication->runController('gii')
#1 C:\wamp\www\framework\base\CApplication.php(184): CWebApplication->processRequest()
#2 C:\wamp\www\yii\index.php(13): CApplication->run()
#3 {main}
REQUEST_URI=/yii/index.php?r=gii
---
2015/01/16 06:47:40 [error] [exception.CHttpException.404] exception 'CHttpException' with message 'Unable to resolve the request "".' in C:\wamp\www\framework\web\CWebApplication.php:286
Stack trace:
#0 C:\wamp\www\framework\web\CWebApplication.php(141): CWebApplication->runController(false)
#1 C:\wamp\www\framework\base\CApplication.php(184): CWebApplication->processRequest()
#2 C:\wamp\www\yii\index.php(13): CApplication->run()
#3 {main}
REQUEST_URI=/yii/index.php?r=site/index
HTTP_REFERER=http://localhost/yii/index.php?r=site/index
---
2015/01/16 07:30:16 [error] [php] mail(): Failed to connect to mailserver at &quot;localhost&quot; port 25, verify your &quot;SMTP&quot; and &quot;smtp_port&quot; setting in php.ini or use ini_set() (C:\wamp\www\yii\protected\controllers\SiteController.php:67)
Stack trace:
#0 C:\wamp\www\framework\web\CController.php(308): CInlineAction->runWithParams()
#1 C:\wamp\www\framework\web\CController.php(286): SiteController->runAction()
#2 C:\wamp\www\framework\web\CController.php(265): SiteController->runActionWithFilters()
#3 C:\wamp\www\framework\web\CWebApplication.php(282): SiteController->run()
#4 C:\wamp\www\framework\web\CWebApplication.php(141): CWebApplication->runController()
#5 C:\wamp\www\framework\base\CApplication.php(184): CWebApplication->processRequest()
#6 C:\wamp\www\yii\index.php(13): CWebApplication->run()
REQUEST_URI=/yii/index.php/site/contact
in C:\wamp\www\yii\protected\controllers\SiteController.php (67)
in C:\wamp\www\yii\index.php (13)
2015/01/19 05:58:15 [error] [php] Undefined index: email (C:\wamp\www\yii\protected\models\Employee.php:123)
Stack trace:
#0 C:\wamp\www\framework\base\CModel.php(159): CInlineValidator->validate()
#1 C:\wamp\www\framework\db\ar\CActiveRecord.php(808): Employee->validate()
#2 C:\wamp\www\yii\protected\controllers\EmployeeController.php(73): Employee->save()
#3 C:\wamp\www\framework\web\actions\CInlineAction.php(49): EmployeeController->actionCreate()
#4 C:\wamp\www\framework\web\CController.php(308): CInlineAction->runWithParams()
#5 C:\wamp\www\framework\web\filters\CFilterChain.php(133): EmployeeController->runAction()
#6 C:\wamp\www\framework\web\filters\CFilter.php(40): CFilterChain->run()
#7 C:\wamp\www\framework\web\CController.php(1145): CAccessControlFilter->filter()
#8 C:\wamp\www\framework\web\filters\CInlineFilter.php(58): EmployeeController->filterAccessControl()
#9 C:\wamp\www\framework\web\filters\CFilterChain.php(130): CInlineFilter->filter()
#10 C:\wamp\www\framework\web\CController.php(291): CFilterChain->run()
#11 C:\wamp\www\framework\web\CController.php(265): EmployeeController->runActionWithFilters()
#12 C:\wamp\www\framework\web\CWebApplication.php(282): EmployeeController->run()
#13 C:\wamp\www\framework\web\CWebApplication.php(141): CWebApplication->runController()
#14 C:\wamp\www\framework\base\CApplication.php(184): CWebApplication->processRequest()
#15 C:\wamp\www\yii\index.php(13): CWebApplication->run()
REQUEST_URI=/yii/index.php/employee/create
in C:\wamp\www\yii\protected\models\Employee.php (123)
in C:\wamp\www\yii\protected\controllers\EmployeeController.php (73)
in C:\wamp\www\yii\index.php (13)
2015/01/19 07:13:41 [error] [exception.CHttpException.404] exception 'CHttpException' with message 'The system is unable to find the requested action "employee".' in C:\wamp\www\framework\web\CController.php:483
Stack trace:
#0 C:\wamp\www\framework\web\CController.php(270): CController->missingAction('employee')
#1 C:\wamp\www\framework\web\CWebApplication.php(282): CController->run('employee')
#2 C:\wamp\www\framework\web\CWebApplication.php(141): CWebApplication->runController('site/employee')
#3 C:\wamp\www\framework\base\CApplication.php(184): CWebApplication->processRequest()
#4 C:\wamp\www\yii\index.php(13): CApplication->run()
#5 {main}
REQUEST_URI=/yii/index.php/site/employee
HTTP_REFERER=http://localhost/yii/
---
2015/01/19 07:13:54 [error] [exception.CHttpException.404] exception 'CHttpException' with message 'The system is unable to find the requested action "employee".' in C:\wamp\www\framework\web\CController.php:483
Stack trace:
#0 C:\wamp\www\framework\web\CController.php(270): CController->missingAction('employee')
#1 C:\wamp\www\framework\web\CWebApplication.php(282): CController->run('employee')
#2 C:\wamp\www\framework\web\CWebApplication.php(141): CWebApplication->runController('site/employee')
#3 C:\wamp\www\framework\base\CApplication.php(184): CWebApplication->processRequest()
#4 C:\wamp\www\yii\index.php(13): CApplication->run()
#5 {main}
REQUEST_URI=/yii/index.php/site/employee
HTTP_REFERER=http://localhost/yii/
---
2015/01/19 08:01:14 [error] [exception.CDbException] exception 'CDbException' with message 'Table "user" does not have a column named "username".' in C:\wamp\www\framework\db\schema\CDbCommandBuilder.php:697
Stack trace:
#0 C:\wamp\www\framework\db\ar\CActiveRecord.php(1523): CDbCommandBuilder->createColumnCriteria(Object(CMysqlTableSchema), Array, '', Array, '`t`.')
#1 C:\wamp\www\yii\protected\components\UserIdentity.php(36): CActiveRecord->findByAttributes(Array)
#2 C:\wamp\www\yii\protected\models\LoginForm.php(52): UserIdentity->authenticate()
#3 C:\wamp\www\framework\validators\CInlineValidator.php(42): LoginForm->authenticate('password', Array)
#4 C:\wamp\www\framework\validators\CValidator.php(201): CInlineValidator->validateAttribute(Object(LoginForm), 'password')
#5 C:\wamp\www\framework\base\CModel.php(159): CValidator->validate(Object(LoginForm), NULL)
#6 C:\wamp\www\yii\protected\controllers\SiteController.php(94): CModel->validate()
#7 C:\wamp\www\framework\web\actions\CInlineAction.php(49): SiteController->actionLogin()
#8 C:\wamp\www\framework\web\CController.php(308): CInlineAction->runWithParams(Array)
#9 C:\wamp\www\framework\web\CController.php(286): CController->runAction(Object(CInlineAction))
#10 C:\wamp\www\framework\web\CController.php(265): CController->runActionWithFilters(Object(CInlineAction), Array)
#11 C:\wamp\www\framework\web\CWebApplication.php(282): CController->run('login')
#12 C:\wamp\www\framework\web\CWebApplication.php(141): CWebApplication->runController('site/login')
#13 C:\wamp\www\framework\base\CApplication.php(184): CWebApplication->processRequest()
#14 C:\wamp\www\yii\index.php(13): CApplication->run()
#15 {main}
REQUEST_URI=/yii/index.php/site/login
HTTP_REFERER=http://localhost/yii/index.php/site/login
---
2015/01/19 09:53:40 [error] [exception.CException] exception 'CException' with message 'Property "UserIdentity.email" is not defined.' in C:\wamp\www\framework\base\CComponent.php:130
Stack trace:
#0 C:\wamp\www\yii\protected\components\UserIdentity.php(36): CComponent->__get('email')
#1 C:\wamp\www\yii\protected\models\LoginForm.php(52): UserIdentity->authenticate()
#2 C:\wamp\www\framework\validators\CInlineValidator.php(42): LoginForm->authenticate('password', Array)
#3 C:\wamp\www\framework\validators\CValidator.php(201): CInlineValidator->validateAttribute(Object(LoginForm), 'password')
#4 C:\wamp\www\framework\base\CModel.php(159): CValidator->validate(Object(LoginForm), NULL)
#5 C:\wamp\www\yii\protected\controllers\SiteController.php(94): CModel->validate()
#6 C:\wamp\www\framework\web\actions\CInlineAction.php(49): SiteController->actionLogin()
#7 C:\wamp\www\framework\web\CController.php(308): CInlineAction->runWithParams(Array)
#8 C:\wamp\www\framework\web\CController.php(286): CController->runAction(Object(CInlineAction))
#9 C:\wamp\www\framework\web\CController.php(265): CController->runActionWithFilters(Object(CInlineAction), Array)
#10 C:\wamp\www\framework\web\CWebApplication.php(282): CController->run('login')
#11 C:\wamp\www\framework\web\CWebApplication.php(141): CWebApplication->runController('site/login')
#12 C:\wamp\www\framework\base\CApplication.php(184): CWebApplication->processRequest()
#13 C:\wamp\www\yii\index.php(13): CApplication->run()
#14 {main}
REQUEST_URI=/yii/index.php/site/login
HTTP_REFERER=http://localhost/yii/index.php/site/login
---
2015/01/19 10:01:50 [error] [exception.CException] exception 'CException' with message 'Property "User.email" is not defined.' in C:\wamp\www\framework\base\CComponent.php:130
Stack trace:
#0 C:\wamp\www\framework\db\ar\CActiveRecord.php(145): CComponent->__get('email')
#1 C:\wamp\www\yii\protected\views\user\_view.php(21): CActiveRecord->__get('email')
#2 C:\wamp\www\framework\web\CBaseController.php(130): require('C:\\wamp\\www\\yii...')
#3 C:\wamp\www\framework\web\CBaseController.php(95): CBaseController->renderInternal('C:\\wamp\\www\\yii...', Array, false)
#4 C:\wamp\www\framework\zii\widgets\CListView.php(291): CBaseController->renderFile('C:\\wamp\\www\\yii...', Array)
#5 C:\wamp\www\framework\zii\widgets\CBaseListView.php(181): CListView->renderItems()
#6 [internal function]: CBaseListView->renderSection(Array)
#7 C:\wamp\www\framework\zii\widgets\CBaseListView.php(164): preg_replace_callback('/{(\\w+)}/', Array, '{summary}\n{sort...')
#8 C:\wamp\www\framework\zii\widgets\CBaseListView.php(149): CBaseListView->renderContent()
#9 C:\wamp\www\framework\web\CBaseController.php(181): CBaseListView->run()
#10 C:\wamp\www\yii\protected\views\user\index.php(20): CBaseController->widget('zii.widgets.CLi...', Array)
#11 C:\wamp\www\framework\web\CBaseController.php(126): require('C:\\wamp\\www\\yii...')
#12 C:\wamp\www\framework\web\CBaseController.php(95): CBaseController->renderInternal('C:\\wamp\\www\\yii...', Array, true)
#13 C:\wamp\www\framework\web\CController.php(869): CBaseController->renderFile('C:\\wamp\\www\\yii...', Array, true)
#14 C:\wamp\www\framework\web\CController.php(782): CController->renderPartial('index', Array, true)
#15 C:\wamp\www\yii\protected\controllers\UserController.php(128): CController->render('index', Array)
#16 C:\wamp\www\framework\web\actions\CInlineAction.php(49): UserController->actionIndex()
#17 C:\wamp\www\framework\web\CController.php(308): CInlineAction->runWithParams(Array)
#18 C:\wamp\www\framework\web\filters\CFilterChain.php(133): CController->runAction(Object(CInlineAction))
#19 C:\wamp\www\framework\web\filters\CFilter.php(40): CFilterChain->run()
#20 C:\wamp\www\framework\web\CController.php(1145): CFilter->filter(Object(CFilterChain))
#21 C:\wamp\www\framework\web\filters\CInlineFilter.php(58): CController->filterAccessControl(Object(CFilterChain))
#22 C:\wamp\www\framework\web\filters\CFilterChain.php(130): CInlineFilter->filter(Object(CFilterChain))
#23 C:\wamp\www\framework\web\CController.php(291): CFilterChain->run()
#24 C:\wamp\www\framework\web\CController.php(265): CController->runActionWithFilters(Object(CInlineAction), Array)
#25 C:\wamp\www\framework\web\CWebApplication.php(282): CController->run('')
#26 C:\wamp\www\framework\web\CWebApplication.php(141): CWebApplication->runController('user')
#27 C:\wamp\www\framework\base\CApplication.php(184): CWebApplication->processRequest()
#28 C:\wamp\www\yii\index.php(13): CApplication->run()
#29 {main}
REQUEST_URI=/yii/index.php/user
HTTP_REFERER=http://localhost/yii/index.php/site/login
---
2015/01/19 10:02:32 [error] [exception.CDbException] exception 'CDbException' with message 'Table "user" does not have a column named "username".' in C:\wamp\www\framework\db\schema\CDbCommandBuilder.php:697
Stack trace:
#0 C:\wamp\www\framework\db\ar\CActiveRecord.php(1523): CDbCommandBuilder->createColumnCriteria(Object(CMysqlTableSchema), Array, '', Array, '`t`.')
#1 C:\wamp\www\yii\protected\components\UserIdentity.php(36): CActiveRecord->findByAttributes(Array)
#2 C:\wamp\www\yii\protected\models\LoginForm.php(52): UserIdentity->authenticate()
#3 C:\wamp\www\framework\validators\CInlineValidator.php(42): LoginForm->authenticate('password', Array)
#4 C:\wamp\www\framework\validators\CValidator.php(201): CInlineValidator->validateAttribute(Object(LoginForm), 'password')
#5 C:\wamp\www\framework\base\CModel.php(159): CValidator->validate(Object(LoginForm), NULL)
#6 C:\wamp\www\yii\protected\controllers\SiteController.php(94): CModel->validate()
#7 C:\wamp\www\framework\web\actions\CInlineAction.php(49): SiteController->actionLogin()
#8 C:\wamp\www\framework\web\CController.php(308): CInlineAction->runWithParams(Array)
#9 C:\wamp\www\framework\web\CController.php(286): CController->runAction(Object(CInlineAction))
#10 C:\wamp\www\framework\web\CController.php(265): CController->runActionWithFilters(Object(CInlineAction), Array)
#11 C:\wamp\www\framework\web\CWebApplication.php(282): CController->run('login')
#12 C:\wamp\www\framework\web\CWebApplication.php(141): CWebApplication->runController('site/login')
#13 C:\wamp\www\framework\base\CApplication.php(184): CWebApplication->processRequest()
#14 C:\wamp\www\yii\index.php(13): CApplication->run()
#15 {main}
REQUEST_URI=/yii/index.php/site/login
HTTP_REFERER=http://localhost/yii/index.php/site/login
---
2015/01/19 10:02:50 [error] [exception.CException] exception 'CException' with message 'Property "UserIdentity.email" is not defined.' in C:\wamp\www\framework\base\CComponent.php:130
Stack trace:
#0 C:\wamp\www\yii\protected\components\UserIdentity.php(36): CComponent->__get('email')
#1 C:\wamp\www\yii\protected\models\LoginForm.php(52): UserIdentity->authenticate()
#2 C:\wamp\www\framework\validators\CInlineValidator.php(42): LoginForm->authenticate('password', Array)
#3 C:\wamp\www\framework\validators\CValidator.php(201): CInlineValidator->validateAttribute(Object(LoginForm), 'password')
#4 C:\wamp\www\framework\base\CModel.php(159): CValidator->validate(Object(LoginForm), NULL)
#5 C:\wamp\www\yii\protected\controllers\SiteController.php(94): CModel->validate()
#6 C:\wamp\www\framework\web\actions\CInlineAction.php(49): SiteController->actionLogin()
#7 C:\wamp\www\framework\web\CController.php(308): CInlineAction->runWithParams(Array)
#8 C:\wamp\www\framework\web\CController.php(286): CController->runAction(Object(CInlineAction))
#9 C:\wamp\www\framework\web\CController.php(265): CController->runActionWithFilters(Object(CInlineAction), Array)
#10 C:\wamp\www\framework\web\CWebApplication.php(282): CController->run('login')
#11 C:\wamp\www\framework\web\CWebApplication.php(141): CWebApplication->runController('site/login')
#12 C:\wamp\www\framework\base\CApplication.php(184): CWebApplication->processRequest()
#13 C:\wamp\www\yii\index.php(13): CApplication->run()
#14 {main}
REQUEST_URI=/yii/index.php/site/login
HTTP_REFERER=http://localhost/yii/index.php/site/login
---
2015/01/19 10:06:27 [error] [exception.CException] exception 'CException' with message 'Property "User.pass" is not defined.' in C:\wamp\www\framework\base\CComponent.php:130
Stack trace:
#0 C:\wamp\www\framework\db\ar\CActiveRecord.php(145): CComponent->__get('pass')
#1 C:\wamp\www\yii\protected\components\UserIdentity.php(28): CActiveRecord->__get('pass')
#2 C:\wamp\www\yii\protected\models\LoginForm.php(52): UserIdentity->authenticate()
#3 C:\wamp\www\framework\validators\CInlineValidator.php(42): LoginForm->authenticate('password', Array)
#4 C:\wamp\www\framework\validators\CValidator.php(201): CInlineValidator->validateAttribute(Object(LoginForm), 'password')
#5 C:\wamp\www\framework\base\CModel.php(159): CValidator->validate(Object(LoginForm), NULL)
#6 C:\wamp\www\yii\protected\controllers\SiteController.php(94): CModel->validate()
#7 C:\wamp\www\framework\web\actions\CInlineAction.php(49): SiteController->actionLogin()
#8 C:\wamp\www\framework\web\CController.php(308): CInlineAction->runWithParams(Array)
#9 C:\wamp\www\framework\web\CController.php(286): CController->runAction(Object(CInlineAction))
#10 C:\wamp\www\framework\web\CController.php(265): CController->runActionWithFilters(Object(CInlineAction), Array)
#11 C:\wamp\www\framework\web\CWebApplication.php(282): CController->run('login')
#12 C:\wamp\www\framework\web\CWebApplication.php(141): CWebApplication->runController('site/login')
#13 C:\wamp\www\framework\base\CApplication.php(184): CWebApplication->processRequest()
#14 C:\wamp\www\yii\index.php(13): CApplication->run()
#15 {main}
REQUEST_URI=/yii/index.php/site/login
HTTP_REFERER=http://localhost/yii/index.php/site/login
---
